1739242829466	geckodriver	INFO	Listening on 127.0.0.1:58326
1739242832510	mozrunner::runner	INFO	Running command: "C:\\Users\\ASUS\\.cache\\selenium\\firefox\\win64\\135.0\\firefox.exe" "--marionette" "--remote-debugging-p ... 27" "--remote-allow-hosts" "localhost" "-no-remote" "-profile" "C:\\Users\\ASUS\\AppData\\Local\\Temp\\rust_mozprofileG4csbC"
console.warn: services.settings: Ignoring preference override of remote settings server
console.warn: services.settings: Allow by setting MOZ_REMOTE_SETTINGS_DEVTOOLS=1 in the environment
Dynamically enable window occlusion 0
1739242833377	Marionette	INFO	Marionette enabled
1739242833665	Marionette	INFO	Listening on port 58337
WebDriver BiDi listening on ws://127.0.0.1:58327
Read port: 58337
1739242833934	RemoteAgent	WARN	TLS certificate errors will be ignored for this session
DevTools listening on ws://127.0.0.1:58327/devtools/browser/b0e3a648-00e7-4ffc-919c-36452e3f7eef
JavaScript warning: https://automationexercise.com/static/js/jquery.js, line 2: Using //@ to indicate sourceMappingURL pragmas is deprecated. Use //# instead
JavaScript warning: https://automationexercise.com/static/js/jquery.js, line 2: Using //@ to indicate sourceMappingURL pragmas is deprecated. Use //# instead
JavaScript error: , line 0: uncaught exception: undefined
JavaScript warning: https://automationexercise.com/static/js/jquery.js, line 2: Using //@ to indicate sourceMappingURL pragmas is deprecated. Use //# instead
1739242908273	Marionette	INFO	Stopped listening on port 58337
JavaScript warning: https://pagead2.googlesyndication.com/pagead/managed/js/activeview/m202412090101/ufs_web_display.js, line 261: Script terminated by timeout at:
wp/</</e</h<@https://pagead2.googlesyndication.com/pagead/managed/js/activeview/m202412090101/ufs_web_display.js:261:293

Dynamically enable window occlusion 1
JavaScript error: , line 0: TypeError: NetworkError when attempting to fetch resource.
JavaScript error: , line 0: TypeError: NetworkError when attempting to fetch resource.
JavaScript error: , line 0: TypeError: NetworkError when attempting to fetch resource.
JavaScript error: , line 0: TypeError: NetworkError when attempting to fetch resource.
